#
# A fatal error has been detected by the Java Runtime Environment:
#
#  EXCEPTION_ACCESS_VIOLATION (0xc0000005) at pc=0x00007fff24778170, pid=9476, tid=9800
#
# JRE version: Java(TM) SE Runtime Environment (15.0+36) (build 15+36-1562)
# Java VM: Java HotSpot(TM) 64-Bit Server VM (15+36-1562, mixed mode, sharing, tiered, compressed oops, g1 gc, windows-amd64)
# Problematic frame:
# V  [jvm.dll+0x1c8170]
#
# No core dump will be written. Minidumps are not enabled by default on client versions of Windows
#
# If you would like to submit a bug report, please visit:
#   https://bugreport.java.com/bugreport/crash.jsp
#

---------------  S U M M A R Y ------------

Command Line: -javaagent:H:\IntelliJ IDEA Educational Edition 2020.2.1\lib\idea_rt.jar=63901:H:\IntelliJ IDEA Educational Edition 2020.2.1\bin -Dfile.encoding=UTF-8 mao.com.servertest.ServerTestApplication

Host: Intel(R) Core(TM) i7-8700 CPU @ 3.20GHz, 6 cores, 15G,  Windows 10 , 64 bit Build 19041 (10.0.19041.292)
Time: Tue Oct  6 19:43:03 2020 中国标准时间 elapsed time: 0.595789 seconds (0d 0h 0m 0s)

---------------  T H R E A D  ---------------

Current thread (0x000001d75e57cdb0):  GCTaskThread "GC Thread#5" [stack: 0x000000a8c9f00000,0x000000a8ca000000] [id=9800]

Stack: [0x000000a8c9f00000,0x000000a8ca000000],  sp=0x000000a8c9fff398,  free space=1020k
Native frames: (J=compiled Java code, j=interpreted, Vv=VM code, C=native code)
V  [jvm.dll+0x1c8170]


siginfo: EXCEPTION_ACCESS_VIOLATION (0xc0000005), reading address 0x0000000000000001


Register to memory mapping:

RIP=0x00007fff24778170 jvm.dll
RAX=0x00000008001d88a0 is pointing into metadata
RBX=0x00000008001d88a0 is pointing into metadata
RCX=0x0000000000000001 is an unknown value
RDX=0x0000000711f45b88 points into unknown readable memory: 0x00000008001d8e78 | 78 8e 1d 00 08 00 00 00
RSP=0x000000a8c9fff398 points into unknown readable memory: 0x00007fff2486acf5 | f5 ac 86 24 ff 7f 00 00
RBP=0x000000a8c9fff5c0 points into unknown readable memory: 0x00007fff24e355a0 | a0 55 e3 24 ff 7f 00 00
RSI=0x000001d73244bf60 points into unknown readable memory: 0x00007fff24e31e40 | 40 1e e3 24 ff 7f 00 00
RDI=0x000000a8c9fff470 points into unknown readable memory: 0x00007fff24e35590 | 90 55 e3 24 ff 7f 00 00
R8 =0x000000a8c9fff648 points into unknown readable memory: 0x00007fff24e35558 | 58 55 e3 24 ff 7f 00 00
R9 =0x00000008001d88a0 is pointing into metadata
R10=0x00007fff2486bbe0 jvm.dll
R11=0x000001d753460000 points into unknown readable memory: 0x0000000000000000 | 00 00 00 00 00 00 00 00
R12=0x0000000000000002 is an unknown value
R13=0x0000000711f45b88 points into unknown readable memory: 0x00000008001d8e78 | 78 8e 1d 00 08 00 00 00
R14=0x000000a8c9fff470 points into unknown readable memory: 0x00007fff24e35590 | 90 55 e3 24 ff 7f 00 00
R15=0x000000a8c9fff648 points into unknown readable memory: 0x00007fff24e35558 | 58 55 e3 24 ff 7f 00 00


Registers:
RAX=0x00000008001d88a0, RBX=0x00000008001d88a0, RCX=0x0000000000000001, RDX=0x0000000711f45b88
RSP=0x000000a8c9fff398, RBP=0x000000a8c9fff5c0, RSI=0x000001d73244bf60, RDI=0x000000a8c9fff470
R8 =0x000000a8c9fff648, R9 =0x00000008001d88a0, R10=0x00007fff2486bbe0, R11=0x000001d753460000
R12=0x0000000000000002, R13=0x0000000711f45b88, R14=0x000000a8c9fff470, R15=0x000000a8c9fff648
RIP=0x00007fff24778170, EFLAGS=0x0000000000010206

Top of Stack: (sp=0x000000a8c9fff398)
0x000000a8c9fff398:   00007fff2486acf5 0000000711e00000
0x000000a8c9fff3a8:   00007fff2486a193 0000000000028b71
0x000000a8c9fff3b8:   000001d75eb09e30 0000000000000000
0x000000a8c9fff3c8:   000000a8c9fff470 000000a8c9fff5c0
0x000000a8c9fff3d8:   0000000000000002 000000a8c9fff470
0x000000a8c9fff3e8:   00007fff24869f70 0000000711f45b88
0x000000a8c9fff3f8:   000000a8c9fff5c0 000000000080a850
0x000000a8c9fff408:   000000a8c9fff5c0 000001d75d5d0730
0x000000a8c9fff418:   00007fff248d3063 000001d75d5d0730
0x000000a8c9fff428:   0000000711f45b88 0000000000000000
0x000000a8c9fff438:   000001d75eb35da0 000001d73244c248
0x000000a8c9fff448:   00007fff24869d93 000001d75d5d0730
0x000000a8c9fff458:   0000000000000001 0000000000000000
0x000000a8c9fff468:   000001d75e57cdb0 00007fff24e35590
0x000000a8c9fff478:   000001d73244bf60 000001d73248d840
0x000000a8c9fff488:   000001d75d5d0730 000000000080a850 

Instructions: (pc=0x00007fff24778170)
0x00007fff24778070:   8b ce 0f b6 f8 e8 c6 08 00 00 48 8b c8 44 0f b6
0x00007fff24778080:   cf 4c 8b c6 48 8b d3 e8 84 77 40 00 e9 ab 00 00
0x00007fff24778090:   00 ff 52 20 48 8b 13 48 8b cb 84 c0 74 39 ff 52
0x00007fff247780a0:   30 49 8b d6 48 8b cb 48 63 f0 e8 61 57 04 00 48
0x00007fff247780b0:   8b 13 48 8b cb ff 52 08 49 8b ce 0f b6 f8 e8 7d
0x00007fff247780c0:   08 00 00 48 8b c8 44 0f b6 cf 4c 8b c6 48 8b d3
0x00007fff247780d0:   e8 3b 77 40 00 eb 65 ff 52 08 84 c0 74 3f 48 8b
0x00007fff247780e0:   03 48 8b cb ff 50 30 49 8b d6 48 8b cb 48 63 f0
0x00007fff247780f0:   e8 3b ed 16 00 48 8b 13 48 8b cb ff 52 08 49 8b
0x00007fff24778100:   ce 0f b6 f8 e8 37 08 00 00 48 8b c8 44 0f b6 cf
0x00007fff24778110:   4c 8b c6 48 8b d3 e8 f5 76 40 00 eb 1f ba 46 03
0x00007fff24778120:   00 00 48 8d 0d 8f 25 6a 00 e8 32 d7 04 00 e8 cd
0x00007fff24778130:   18 46 00 eb 07 c6 05 84 f6 88 00 01 ff cd 49 83
0x00007fff24778140:   ef 01 0f 89 98 fe ff ff 48 8b 7c 24 28 48 8b 74
0x00007fff24778150:   24 50 48 8b 5c 24 40 48 8b 6c 24 48 4c 8b 7c 24
0x00007fff24778160:   20 48 83 c4 30 41 5e c3 cc cc cc cc cc cc cc cc
0x00007fff24778170:   48 8b 09 48 85 c9 74 07 48 ff 25 f1 16 83 00 33
0x00007fff24778180:   c0 c3 cc cc cc cc cc cc cc cc cc cc cc cc cc cc
0x00007fff24778190:   48 8b 09 48 85 c9 74 07 48 ff 25 09 16 83 00 33
0x00007fff247781a0:   c0 c3 cc cc cc cc cc cc cc cc cc cc cc cc cc cc
0x00007fff247781b0:   80 79 21 00 74 03 ff 41 24 c3 cc cc cc cc cc cc
0x00007fff247781c0:   48 89 5c 24 10 48 89 6c 24 18 48 89 74 24 20 57
0x00007fff247781d0:   48 83 ec 20 48 8b 59 18 49 8b f8 48 8b f2 48 8b
0x00007fff247781e0:   e9 48 85 db 74 08 48 8b cb e8 62 3a 43 00 48 8b
0x00007fff247781f0:   0e 48 85 c9 74 0b ff 15 0c 9e 82 00 48 85 c0 75
0x00007fff24778200:   21 48 85 ff 75 05 45 33 c0 eb 03 4c 8b 07 48 8d
0x00007fff24778210:   4d 30 48 8d 54 24 30 e8 04 f6 ff ff 48 8b 08 48
0x00007fff24778220:   89 0e 48 85 db 74 08 48 8b cb e8 c1 3b 43 00 48
0x00007fff24778230:   8b 5c 24 38 48 8b 6c 24 40 48 8b 74 24 48 48 83
0x00007fff24778240:   c4 20 5f c3 cc cc cc cc cc cc cc cc cc cc cc cc
0x00007fff24778250:   48 81 ec d8 00 00 00 48 8b 05 7a 5b 86 00 48 33
0x00007fff24778260:   c4 48 89 84 24 c0 00 00 00 45 33 c0 b9 98 00 00 


Stack slot to memory mapping:
stack at sp + 0 slots: 0x00007fff2486acf5 jvm.dll
stack at sp + 1 slots: 0x0000000711e00000 is an oop: [I 
{0x0000000711e00000} - klass: {type array int}
 - length: 262140
stack at sp + 2 slots: 0x00007fff2486a193 jvm.dll
stack at sp + 3 slots: 0x0000000000028b71 is an unknown value
stack at sp + 4 slots: 0x000001d75eb09e30 points into unknown readable memory: 0x8000000900000001 | 01 00 00 00 09 00 00 80
stack at sp + 5 slots: 0x0 is NULL
stack at sp + 6 slots: 0x000000a8c9fff470 points into unknown readable memory: 0x00007fff24e35590 | 90 55 e3 24 ff 7f 00 00
stack at sp + 7 slots: 0x000000a8c9fff5c0 points into unknown readable memory: 0x00007fff24e355a0 | a0 55 e3 24 ff 7f 00 00


---------------  P R O C E S S  ---------------

Threads class SMR info:
_java_thread_list=0x000001d75ed08a10, length=14, elements={
0x000001d73243d5a0, 0x000001d75d77c220, 0x000001d75d77cdf0, 0x000001d75dffe430,
0x000001d75e002d10, 0x000001d75e0035d0, 0x000001d75e005a60, 0x000001d75e0072b0,
0x000001d75e007ca0, 0x000001d75e10dea0, 0x000001d75e1ade80, 0x000001d75e231fb0,
0x000001d75e19ff60, 0x000001d75ecfa3f0
}

Java Threads: ( => current thread )
  0x000001d73243d5a0 JavaThread "main" [_thread_blocked, id=15424, stack(0x000000a8c8700000,0x000000a8c8800000)]
  0x000001d75d77c220 JavaThread "Reference Handler" daemon [_thread_blocked, id=2216, stack(0x000000a8c8e00000,0x000000a8c8f00000)]
  0x000001d75d77cdf0 JavaThread "Finalizer" daemon [_thread_blocked, id=9304, stack(0x000000a8c8f00000,0x000000a8c9000000)]
  0x000001d75dffe430 JavaThread "Signal Dispatcher" daemon [_thread_blocked, id=6296, stack(0x000000a8c9000000,0x000000a8c9100000)]
  0x000001d75e002d10 JavaThread "Attach Listener" daemon [_thread_blocked, id=5544, stack(0x000000a8c9100000,0x000000a8c9200000)]
  0x000001d75e0035d0 JavaThread "Service Thread" daemon [_thread_blocked, id=14376, stack(0x000000a8c9200000,0x000000a8c9300000)]
  0x000001d75e005a60 JavaThread "C2 CompilerThread0" daemon [_thread_blocked, id=13604, stack(0x000000a8c9300000,0x000000a8c9400000)]
  0x000001d75e0072b0 JavaThread "C1 CompilerThread0" daemon [_thread_blocked, id=2632, stack(0x000000a8c9400000,0x000000a8c9500000)]
  0x000001d75e007ca0 JavaThread "Sweeper thread" daemon [_thread_blocked, id=2892, stack(0x000000a8c9500000,0x000000a8c9600000)]
  0x000001d75e10dea0 JavaThread "Common-Cleaner" daemon [_thread_blocked, id=16988, stack(0x000000a8c9600000,0x000000a8c9700000)]
  0x000001d75e1ade80 JavaThread "C2 CompilerThread1" daemon [_thread_blocked, id=13692, stack(0x000000a8c9700000,0x000000a8c9800000)]
  0x000001d75e231fb0 JavaThread "Monitor Ctrl-Break" daemon [_thread_in_native, id=10052, stack(0x000000a8c9800000,0x000000a8c9900000)]
  0x000001d75e19ff60 JavaThread "Notification Thread" daemon [_thread_blocked, id=8084, stack(0x000000a8c9900000,0x000000a8c9a00000)]
  0x000001d75ecfa3f0 JavaThread "background-preinit" [_thread_blocked, id=13556, stack(0x000000a8ca000000,0x000000a8ca100000)]

Other Threads:
  0x000001d75d778b20 VMThread "VM Thread" [stack: 0x000000a8c8d00000,0x000000a8c8e00000] [id=14504]
  0x000001d75e2c1980 WatcherThread [stack: 0x000000a8c9a00000,0x000000a8c9b00000] [id=1544]
  0x000001d73248cfe0 GCTaskThread "GC Thread#0" [stack: 0x000000a8c8800000,0x000000a8c8900000] [id=17148]
  0x000001d75e5800b0 GCTaskThread "GC Thread#1" [stack: 0x000000a8c9b00000,0x000000a8c9c00000] [id=15960]
  0x000001d75e5803e0 GCTaskThread "GC Thread#2" [stack: 0x000000a8c9c00000,0x000000a8c9d00000] [id=12836]
  0x000001d75e580710 GCTaskThread "GC Thread#3" [stack: 0x000000a8c9d00000,0x000000a8c9e00000] [id=14576]
  0x000001d75e57f3f0 GCTaskThread "GC Thread#4" [stack: 0x000000a8c9e00000,0x000000a8c9f00000] [id=13124]
=>0x000001d75e57cdb0 GCTaskThread "GC Thread#5" [stack: 0x000000a8c9f00000,0x000000a8ca000000] [id=9800]
  0x000001d73249ee90 ConcurrentGCThread "G1 Main Marker" [stack: 0x000000a8c8900000,0x000000a8c8a00000] [id=412]
  0x000001d73249fa80 ConcurrentGCThread "G1 Conc#0" [stack: 0x000000a8c8a00000,0x000000a8c8b00000] [id=16572]
  0x000001d73250df90 ConcurrentGCThread "G1 Refine#0" [stack: 0x000000a8c8b00000,0x000000a8c8c00000] [id=15820]
  0x000001d73250eb90 ConcurrentGCThread "G1 Young RemSet Sampling" [stack: 0x000000a8c8c00000,0x000000a8c8d00000] [id=1572]

Threads with active compile tasks:
C2 CompilerThread0      639 1518   !   4       java.net.URL::<init> (543 bytes)
C2 CompilerThread1      639 1420   !   4       jdk.internal.loader.URLClassPath$JarLoader::getResource (354 bytes)

VM state: at safepoint (normal execution)

VM Mutex/Monitor currently owned by a thread:  ([mutex/lock_event])
[0x000001d73242e630] Threads_lock - owner thread: 0x000001d75d778b20
[0x000001d73242eab0] Heap_lock - owner thread: 0x000001d75ecfa3f0

Heap address: 0x0000000703200000, size: 4046 MB, Compressed Oops mode: Zero based, Oop shift amount: 3
CDS archive(s) mapped at: [0x0000000800000000-0x0000000800b50000-0x0000000800b50000), size 11862016, SharedBaseAddress: 0x0000000800000000, ArchiveRelocationMode: 0.
Compressed class space mapped at: 0x0000000800b50000-0x0000000840b50000, size: 1073741824
Narrow klass base: 0x0000000800000000, Narrow klass shift: 3, Narrow klass range: 0x100000000

GC Precious Log:
 CPUs: 6 total, 6 available
 Memory: 16180M
 Large Page Support: Disabled
 NUMA Support: Disabled
 Compressed Oops: Enabled (Zero based)
 Heap Region Size: 2M
 Heap Min Capacity: 8M
 Heap Initial Capacity: 254M
 Heap Max Capacity: 4046M
 Pre-touch: Disabled
 Parallel Workers: 6
 Concurrent Workers: 2
 Concurrent Refinement Workers: 6
 Periodic GC: Disabled

Heap:
 garbage-first heap   total 260096K, used 26031K [0x0000000703200000, 0x0000000800000000)
  region size 2048K, 12 young (24576K), 2 survivors (4096K)
 Metaspace       used 11219K, capacity 11609K, committed 11776K, reserved 1058816K
  class space    used 1450K, capacity 1520K, committed 1536K, reserved 1048576K

Heap Regions: E=young(eden), S=young(survivor), O=old, HS=humongous(starts), HC=humongous(continues), CS=collection set, F=free, OA=open archive, CA=closed archive, TAMS=top-at-mark-start (previous, next)
|   0|0x0000000703200000, 0x0000000703400000, 0x0000000703400000|100%| O|  |TAMS 0x0000000703200000, 0x0000000703200000| Untracked 
|   1|0x0000000703400000, 0x0000000703600000, 0x0000000703600000|100%| O|  |TAMS 0x0000000703400000, 0x0000000703400000| Untracked 
|   2|0x0000000703600000, 0x0000000703800000, 0x0000000703800000|100%| O|  |TAMS 0x0000000703600000, 0x0000000703600000| Untracked 
|   3|0x0000000703800000, 0x00000007038f8a00, 0x0000000703a00000| 48%| O|  |TAMS 0x0000000703800000, 0x0000000703800000| Untracked 
|   4|0x0000000703a00000, 0x0000000703a00000, 0x0000000703c00000|  0%| F|  |TAMS 0x0000000703a00000, 0x0000000703a00000| Untracked 
|   5|0x0000000703c00000, 0x0000000703c00000, 0x0000000703e00000|  0%| F|  |TAMS 0x0000000703c00000, 0x0000000703c00000| Untracked 
|   6|0x0000000703e00000, 0x0000000703e00000, 0x0000000704000000|  0%| F|  |TAMS 0x0000000703e00000, 0x0000000703e00000| Untracked 
|   7|0x0000000704000000, 0x0000000704000000, 0x0000000704200000|  0%| F|  |TAMS 0x0000000704000000, 0x0000000704000000| Untracked 
|   8|0x0000000704200000, 0x0000000704200000, 0x0000000704400000|  0%| F|  |TAMS 0x0000000704200000, 0x0000000704200000| Untracked 
|   9|0x0000000704400000, 0x0000000704400000, 0x0000000704600000|  0%| F|  |TAMS 0x0000000704400000, 0x0000000704400000| Untracked 
|  10|0x0000000704600000, 0x0000000704600000, 0x0000000704800000|  0%| F|  |TAMS 0x0000000704600000, 0x0000000704600000| Untracked 
|  11|0x0000000704800000, 0x0000000704800000, 0x0000000704a00000|  0%| F|  |TAMS 0x0000000704800000, 0x0000000704800000| Untracked 
|  12|0x0000000704a00000, 0x0000000704a00000, 0x0000000704c00000|  0%| F|  |TAMS 0x0000000704a00000, 0x0000000704a00000| Untracked 
|  13|0x0000000704c00000, 0x0000000704c00000, 0x0000000704e00000|  0%| F|  |TAMS 0x0000000704c00000, 0x0000000704c00000| Untracked 
|  14|0x0000000704e00000, 0x0000000704e00000, 0x0000000705000000|  0%| F|  |TAMS 0x0000000704e00000, 0x0000000704e00000| Untracked 
|  15|0x0000000705000000, 0x0000000705000000, 0x0000000705200000|  0%| F|  |TAMS 0x0000000705000000, 0x0000000705000000| Untracked 
|  16|0x0000000705200000, 0x0000000705200000, 0x0000000705400000|  0%| F|  |TAMS 0x0000000705200000, 0x0000000705200000| Untracked 
|  17|0x0000000705400000, 0x0000000705400000, 0x0000000705600000|  0%| F|  |TAMS 0x0000000705400000, 0x0000000705400000| Untracked 
|  18|0x0000000705600000, 0x0000000705600000, 0x0000000705800000|  0%| F|  |TAMS 0x0000000705600000, 0x0000000705600000| Untracked 
|  19|0x0000000705800000, 0x0000000705800000, 0x0000000705a00000|  0%| F|  |TAMS 0x0000000705800000, 0x0000000705800000| Untracked 
|  20|0x0000000705a00000, 0x0000000705a00000, 0x0000000705c00000|  0%| F|  |TAMS 0x0000000705a00000, 0x0000000705a00000| Untracked 
|  21|0x0000000705c00000, 0x0000000705c00000, 0x0000000705e00000|  0%| F|  |TAMS 0x0000000705c00000, 0x0000000705c00000| Untracked 
|  22|0x0000000705e00000, 0x0000000705e00000, 0x0000000706000000|  0%| F|  |TAMS 0x0000000705e00000, 0x0000000705e00000| Untracked 
|  23|0x0000000706000000, 0x0000000706000000, 0x0000000706200000|  0%| F|  |TAMS 0x0000000706000000, 0x0000000706000000| Untracked 
|  24|0x0000000706200000, 0x0000000706200000, 0x0000000706400000|  0%| F|  |TAMS 0x0000000706200000, 0x0000000706200000| Untracked 
|  25|0x0000000706400000, 0x0000000706400000, 0x0000000706600000|  0%| F|  |TAMS 0x0000000706400000, 0x0000000706400000| Untracked 
|  26|0x0000000706600000, 0x0000000706600000, 0x0000000706800000|  0%| F|  |TAMS 0x0000000706600000, 0x0000000706600000| Untracked 
|  27|0x0000000706800000, 0x0000000706800000, 0x0000000706a00000|  0%| F|  |TAMS 0x0000000706800000, 0x0000000706800000| Untracked 
|  28|0x0000000706a00000, 0x0000000706a00000, 0x0000000706c00000|  0%| F|  |TAMS 0x0000000706a00000, 0x0000000706a00000| Untracked 
|  29|0x0000000706c00000, 0x0000000706c00000, 0x0000000706e00000|  0%| F|  |TAMS 0x0000000706c00000, 0x0000000706c00000| Untracked 
|  30|0x0000000706e00000, 0x0000000706e00000, 0x0000000707000000|  0%| F|  |TAMS 0x0000000706e00000, 0x0000000706e00000| Untracked 
|  31|0x0000000707000000, 0x0000000707000000, 0x0000000707200000|  0%| F|  |TAMS 0x0000000707000000, 0x0000000707000000| Untracked 
|  32|0x0000000707200000, 0x0000000707200000, 0x0000000707400000|  0%| F|  |TAMS 0x0000000707200000, 0x0000000707200000| Untracked 
|  33|0x0000000707400000, 0x0000000707400000, 0x0000000707600000|  0%| F|  |TAMS 0x0000000707400000, 0x0000000707400000| Untracked 
|  34|0x0000000707600000, 0x0000000707600000, 0x0000000707800000|  0%| F|  |TAMS 0x0000000707600000, 0x0000000707600000| Untracked 
|  35|0x0000000707800000, 0x0000000707800000, 0x0000000707a00000|  0%| F|  |TAMS 0x0000000707800000, 0x0000000707800000| Untracked 
|  36|0x0000000707a00000, 0x0000000707a00000, 0x0000000707c00000|  0%| F|  |TAMS 0x0000000707a00000, 0x0000000707a00000| Untracked 
|  37|0x0000000707c00000, 0x0000000707c00000, 0x0000000707e00000|  0%| F|  |TAMS 0x0000000707c00000, 0x0000000707c00000| Untracked 
|  38|0x0000000707e00000, 0x0000000707e00000, 0x0000000708000000|  0%| F|  |TAMS 0x0000000707e00000, 0x0000000707e00000| Untracked 
|  39|0x0000000708000000, 0x0000000708000000, 0x0000000708200000|  0%| F|  |TAMS 0x0000000708000000, 0x0000000708000000| Untracked 
|  40|0x0000000708200000, 0x0000000708200000, 0x0000000708400000|  0%| F|  |TAMS 0x0000000708200000, 0x0000000708200000| Untracked 
|  41|0x0000000708400000, 0x0000000708400000, 0x0000000708600000|  0%| F|  |TAMS 0x0000000708400000, 0x0000000708400000| Untracked 
|  42|0x0000000708600000, 0x0000000708600000, 0x0000000708800000|  0%| F|  |TAMS 0x0000000708600000, 0x0000000708600000| Untracked 
|  43|0x0000000708800000, 0x0000000708800000, 0x0000000708a00000|  0%| F|  |TAMS 0x0000000708800000, 0x0000000708800000| Untracked 
|  44|0x0000000708a00000, 0x0000000708a00000, 0x0000000708c00000|  0%| F|  |TAMS 0x0000000708a00000, 0x0000000708a00000| Untracked 
|  45|0x0000000708c00000, 0x0000000708c00000, 0x0000000708e00000|  0%| F|  |TAMS 0x0000000708c00000, 0x0000000708c00000| Untracked 
|  46|0x0000000708e00000, 0x0000000708e00000, 0x0000000709000000|  0%| F|  |TAMS 0x0000000708e00000, 0x0000000708e00000| Untracked 
|  47|0x0000000709000000, 0x0000000709000000, 0x0000000709200000|  0%| F|  |TAMS 0x0000000709000000, 0x0000000709000000| Untracked 
|  48|0x0000000709200000, 0x0000000709200000, 0x0000000709400000|  0%| F|  |TAMS 0x0000000709200000, 0x0000000709200000| Untracked 
|  49|0x0000000709400000, 0x0000000709400000, 0x0000000709600000|  0%| F|  |TAMS 0x0000000709400000, 0x0000000709400000| Untracked 
|  50|0x0000000709600000, 0x0000000709600000, 0x0000000709800000|  0%| F|  |TAMS 0x0000000709600000, 0x0000000709600000| Untracked 
|  51|0x0000000709800000, 0x0000000709800000, 0x0000000709a00000|  0%| F|  |TAMS 0x0000000709800000, 0x0000000709800000| Untracked 
|  52|0x0000000709a00000, 0x0000000709a00000, 0x0000000709c00000|  0%| F|  |TAMS 0x0000000709a00000, 0x0000000709a00000| Untracked 
|  53|0x0000000709c00000, 0x0000000709c00000, 0x0000000709e00000|  0%| F|  |TAMS 0x0000000709c00000, 0x0000000709c00000| Untracked 
|  54|0x0000000709e00000, 0x0000000709e00000, 0x000000070a000000|  0%| F|  |TAMS 0x0000000709e00000, 0x0000000709e00000| Untracked 
|  55|0x000000070a000000, 0x000000070a000000, 0x000000070a200000|  0%| F|  |TAMS 0x000000070a000000, 0x000000070a000000| Untracked 
|  56|0x000000070a200000, 0x000000070a200000, 0x000000070a400000|  0%| F|  |TAMS 0x000000070a200000, 0x000000070a200000| Untracked 
|  57|0x000000070a400000, 0x000000070a400000, 0x000000070a600000|  0%| F|  |TAMS 0x000000070a400000, 0x000000070a400000| Untracked 
|  58|0x000000070a600000, 0x000000070a600000, 0x000000070a800000|  0%| F|  |TAMS 0x000000070a600000, 0x000000070a600000| Untracked 
|  59|0x000000070a800000, 0x000000070a800000, 0x000000070aa00000|  0%| F|  |TAMS 0x000000070a800000, 0x000000070a800000| Untracked 
|  60|0x000000070aa00000, 0x000000070aa00000, 0x000000070ac00000|  0%| F|  |TAMS 0x000000070aa00000, 0x000000070aa00000| Untracked 
|  61|0x000000070ac00000, 0x000000070ac00000, 0x000000070ae00000|  0%| F|  |TAMS 0x000000070ac00000, 0x000000070ac00000| Untracked 
|  62|0x000000070ae00000, 0x000000070ae00000, 0x000000070b000000|  0%| F|  |TAMS 0x000000070ae00000, 0x000000070ae00000| Untracked 
|  63|0x000000070b000000, 0x000000070b000000, 0x000000070b200000|  0%| F|  |TAMS 0x000000070b000000, 0x000000070b000000| Untracked 
|  64|0x000000070b200000, 0x000000070b200000, 0x000000070b400000|  0%| F|  |TAMS 0x000000070b200000, 0x000000070b200000| Untracked 
|  65|0x000000070b400000, 0x000000070b400000, 0x000000070b600000|  0%| F|  |TAMS 0x000000070b400000, 0x000000070b400000| Untracked 
|  66|0x000000070b600000, 0x000000070b600000, 0x000000070b800000|  0%| F|  |TAMS 0x000000070b600000, 0x000000070b600000| Untracked 
|  67|0x000000070b800000, 0x000000070b800000, 0x000000070ba00000|  0%| F|  |TAMS 0x000000070b800000, 0x000000070b800000| Untracked 
|  68|0x000000070ba00000, 0x000000070ba00000, 0x000000070bc00000|  0%| F|  |TAMS 0x000000070ba00000, 0x000000070ba00000| Untracked 
|  69|0x000000070bc00000, 0x000000070bc00000, 0x000000070be00000|  0%| F|  |TAMS 0x000000070bc00000, 0x000000070bc00000| Untracked 
|  70|0x000000070be00000, 0x000000070be00000, 0x000000070c000000|  0%| F|  |TAMS 0x000000070be00000, 0x000000070be00000| Untracked 
|  71|0x000000070c000000, 0x000000070c000000, 0x000000070c200000|  0%| F|  |TAMS 0x000000070c000000, 0x000000070c000000| Untracked 
|  72|0x000000070c200000, 0x000000070c200000, 0x000000070c400000|  0%| F|  |TAMS 0x000000070c200000, 0x000000070c200000| Untracked 
|  73|0x000000070c400000, 0x000000070c400000, 0x000000070c600000|  0%| F|  |TAMS 0x000000070c400000, 0x000000070c400000| Untracked 
|  74|0x000000070c600000, 0x000000070c600000, 0x000000070c800000|  0%| F|  |TAMS 0x000000070c600000, 0x000000070c600000| Untracked 
|  75|0x000000070c800000, 0x000000070c800000, 0x000000070ca00000|  0%| F|  |TAMS 0x000000070c800000, 0x000000070c800000| Untracked 
|  76|0x000000070ca00000, 0x000000070ca00000, 0x000000070cc00000|  0%| F|  |TAMS 0x000000070ca00000, 0x000000070ca00000| Untracked 
|  77|0x000000070cc00000, 0x000000070cc00000, 0x000000070ce00000|  0%| F|  |TAMS 0x000000070cc00000, 0x000000070cc00000| Untracked 
|  78|0x000000070ce00000, 0x000000070ce00000, 0x000000070d000000|  0%| F|  |TAMS 0x000000070ce00000, 0x000000070ce00000| Untracked 
|  79|0x000000070d000000, 0x000000070d000000, 0x000000070d200000|  0%| F|  |TAMS 0x000000070d000000, 0x000000070d000000| Untracked 
|  80|0x000000070d200000, 0x000000070d200000, 0x000000070d400000|  0%| F|  |TAMS 0x000000070d200000, 0x000000070d200000| Untracked 
|  81|0x000000070d400000, 0x000000070d400000, 0x000000070d600000|  0%| F|  |TAMS 0x000000070d400000, 0x000000070d400000| Untracked 
|  82|0x000000070d600000, 0x000000070d600000, 0x000000070d800000|  0%| F|  |TAMS 0x000000070d600000, 0x000000070d600000| Untracked 
|  83|0x000000070d800000, 0x000000070d800000, 0x000000070da00000|  0%| F|  |TAMS 0x000000070d800000, 0x000000070d800000| Untracked 
|  84|0x000000070da00000, 0x000000070da00000, 0x000000070dc00000|  0%| F|  |TAMS 0x000000070da00000, 0x000000070da00000| Untracked 
|  85|0x000000070dc00000, 0x000000070dc00000, 0x000000070de00000|  0%| F|  |TAMS 0x000000070dc00000, 0x000000070dc00000| Untracked 
|  86|0x000000070de00000, 0x000000070de00000, 0x000000070e000000|  0%| F|  |TAMS 0x000000070de00000, 0x000000070de00000| Untracked 
|  87|0x000000070e000000, 0x000000070e000000, 0x000000070e200000|  0%| F|  |TAMS 0x000000070e000000, 0x000000070e000000| Untracked 
|  88|0x000000070e200000, 0x000000070e200000, 0x000000070e400000|  0%| F|  |TAMS 0x000000070e200000, 0x000000070e200000| Untracked 
|  89|0x000000070e400000, 0x000000070e400000, 0x000000070e600000|  0%| F|  |TAMS 0x000000070e400000, 0x000000070e400000| Untracked 
|  90|0x000000070e600000, 0x000000070e600000, 0x000000070e800000|  0%| F|  |TAMS 0x000000070e600000, 0x000000070e600000| Untracked 
|  91|0x000000070e800000, 0x000000070e800000, 0x000000070ea00000|  0%| F|  |TAMS 0x000000070e800000, 0x000000070e800000| Untracked 
|  92|0x000000070ea00000, 0x000000070ea00000, 0x000000070ec00000|  0%| F|  |TAMS 0x000000070ea00000, 0x000000070ea00000| Untracked 
|  93|0x000000070ec00000, 0x000000070ec00000, 0x000000070ee00000|  0%| F|  |TAMS 0x000000070ec00000, 0x000000070ec00000| Untracked 
|  94|0x000000070ee00000, 0x000000070ee00000, 0x000000070f000000|  0%| F|  |TAMS 0x000000070ee00000, 0x000000070ee00000| Untracked 
|  95|0x000000070f000000, 0x000000070f000000, 0x000000070f200000|  0%| F|  |TAMS 0x000000070f000000, 0x000000070f000000| Untracked 
|  96|0x000000070f200000, 0x000000070f200000, 0x000000070f400000|  0%| F|  |TAMS 0x000000070f200000, 0x000000070f200000| Untracked 
|  97|0x000000070f400000, 0x000000070f400000, 0x000000070f600000|  0%| F|  |TAMS 0x000000070f400000, 0x000000070f400000| Untracked 
|  98|0x000000070f600000, 0x000000070f600000, 0x000000070f800000|  0%| F|  |TAMS 0x000000070f600000, 0x000000070f600000| Untracked 
|  99|0x000000070f800000, 0x000000070f800000, 0x000000070fa00000|  0%| F|  |TAMS 0x000000070f800000, 0x000000070f800000| Untracked 
| 100|0x000000070fa00000, 0x000000070fa00000, 0x000000070fc00000|  0%| F|  |TAMS 0x000000070fa00000, 0x000000070fa00000| Untracked 
| 101|0x000000070fc00000, 0x000000070fc00000, 0x000000070fe00000|  0%| F|  |TAMS 0x000000070fc00000, 0x000000070fc00000| Untracked 
| 102|0x000000070fe00000, 0x000000070fe00000, 0x0000000710000000|  0%| F|  |TAMS 0x000000070fe00000, 0x000000070fe00000| Untracked 
| 103|0x0000000710000000, 0x0000000710000000, 0x0000000710200000|  0%| F|  |TAMS 0x0000000710000000, 0x0000000710000000| Untracked 
| 104|0x0000000710200000, 0x0000000710200000, 0x0000000710400000|  0%| F|  |TAMS 0x0000000710200000, 0x0000000710200000| Untracked 
| 105|0x0000000710400000, 0x0000000710400000, 0x0000000710600000|  0%| F|  |TAMS 0x0000000710400000, 0x0000000710400000| Untracked 
| 106|0x0000000710600000, 0x0000000710600000, 0x0000000710800000|  0%| F|  |TAMS 0x0000000710600000, 0x0000000710600000| Untracked 
| 107|0x0000000710800000, 0x0000000710800000, 0x0000000710a00000|  0%| F|  |TAMS 0x0000000710800000, 0x0000000710800000| Untracked 
| 108|0x0000000710a00000, 0x0000000710a00000, 0x0000000710c00000|  0%| F|  |TAMS 0x0000000710a00000, 0x0000000710a00000| Untracked 
| 109|0x0000000710c00000, 0x0000000710c00000, 0x0000000710e00000|  0%| F|  |TAMS 0x0000000710c00000, 0x0000000710c00000| Untracked 
| 110|0x0000000710e00000, 0x0000000710e00000, 0x0000000711000000|  0%| F|  |TAMS 0x0000000710e00000, 0x0000000710e00000| Untracked 
| 111|0x0000000711000000, 0x0000000711000000, 0x0000000711200000|  0%| F|  |TAMS 0x0000000711000000, 0x0000000711000000| Untracked 
| 112|0x0000000711200000, 0x0000000711200000, 0x0000000711400000|  0%| F|  |TAMS 0x0000000711200000, 0x0000000711200000| Untracked 
| 113|0x0000000711400000, 0x00000007114a96e0, 0x0000000711600000| 33%| S|  |TAMS 0x0000000711400000, 0x0000000711400000| Complete 
| 114|0x0000000711600000, 0x0000000711800000, 0x0000000711800000|100%| S|  |TAMS 0x0000000711600000, 0x0000000711600000| Complete 
| 115|0x0000000711800000, 0x0000000711a00000, 0x0000000711a00000|100%| E|CS|TAMS 0x0000000711800000, 0x0000000711800000| Complete 
| 116|0x0000000711a00000, 0x0000000711c00000, 0x0000000711c00000|100%| E|CS|TAMS 0x0000000711a00000, 0x0000000711a00000| Complete 
| 117|0x0000000711c00000, 0x0000000711e00000, 0x0000000711e00000|100%| E|CS|TAMS 0x0000000711c00000, 0x0000000711c00000| Complete 
| 118|0x0000000711e00000, 0x0000000712000000, 0x0000000712000000|100%| E|CS|TAMS 0x0000000711e00000, 0x0000000711e00000| Complete 
| 119|0x0000000712000000, 0x0000000712200000, 0x0000000712200000|100%| E|CS|TAMS 0x0000000712000000, 0x0000000712000000| Complete 
| 120|0x0000000712200000, 0x0000000712400000, 0x0000000712400000|100%| E|CS|TAMS 0x0000000712200000, 0x0000000712200000| Complete 
| 121|0x0000000712400000, 0x0000000712600000, 0x0000000712600000|100%| E|CS|TAMS 0x0000000712400000, 0x0000000712400000| Complete 
| 122|0x0000000712600000, 0x0000000712800000, 0x0000000712800000|100%| E|CS|TAMS 0x0000000712600000, 0x0000000712600000| Complete 
| 123|0x0000000712800000, 0x0000000712a00000, 0x0000000712a00000|100%| E|CS|TAMS 0x0000000712800000, 0x0000000712800000| Complete 
| 124|0x0000000712a00000, 0x0000000712c00000, 0x0000000712c00000|100%| E|CS|TAMS 0x0000000712a00000, 0x0000000712a00000| Complete 
| 125|0x0000000712c00000, 0x0000000712e00000, 0x0000000712e00000|100%| E|CS|TAMS 0x0000000712c00000, 0x0000000712c00000| Complete 
| 126|0x0000000712e00000, 0x0000000713000000, 0x0000000713000000|100%| E|CS|TAMS 0x0000000712e00000, 0x0000000712e00000| Complete 

Card table byte_map: [0x000001d7520d0000,0x000001d7528c0000] _byte_map_base: 0x000001d74e8b7000

Marking Bits (Prev, Next): (CMBitMap*) 0x000001d73248d850, (CMBitMap*) 0x000001d73248d890
 Prev Bits: [0x000001d7530b0000, 0x000001d756fe8000)
 Next Bits: [0x000001d756ff0000, 0x000001d75af28000)

Polling page: 0x000001d730430000

Metaspace:

Usage:
  Non-class:      9.85 MB capacity,     9.54 MB ( 97%) used,   305.80 KB (  3%) free+waste,    14.44 KB ( <1%) overhead. 
      Class:      1.48 MB capacity,     1.42 MB ( 95%) used,    62.82 KB (  4%) free+waste,     6.56 KB ( <1%) overhead. 
       Both:     11.34 MB capacity,    10.96 MB ( 97%) used,   368.62 KB (  3%) free+waste,    21.00 KB ( <1%) overhead. 

Virtual space:
  Non-class space:       10.00 MB reserved,      10.00 MB (100%) committed 
      Class space:        1.00 GB reserved,       1.50 MB ( <1%) committed 
             Both:        1.01 GB reserved,      11.50 MB (  1%) committed 

Chunk freelists:
   Non-Class:  23.00 KB
       Class:  16.00 KB
        Both:  39.00 KB

MaxMetaspaceSize: 17179869184.00 GB
CompressedClassSpaceSize: 1.00 GB

CodeHeap 'non-profiled nmethods': size=120000Kb used=549Kb max_used=549Kb free=119450Kb
 bounds [0x000001d74a2a0000, 0x000001d74a510000, 0x000001d7517d0000]
CodeHeap 'profiled nmethods': size=120000Kb used=2764Kb max_used=2764Kb free=117235Kb
 bounds [0x000001d742d70000, 0x000001d743030000, 0x000001d74a2a0000]
CodeHeap 'non-nmethods': size=5760Kb used=1195Kb max_used=1229Kb free=4565Kb
 bounds [0x000001d7427d0000, 0x000001d742a40000, 0x000001d742d70000]
 total_blobs=2013 nmethods=1553 adapters=373
 compilation: enabled
              stopped_count=0, restarted_count=0
 full_count=0

Compilation events (20 events):
Event: 0.572 Thread 0x000001d75e0072b0 1550       3       sun.reflect.generics.visitor.Reifier::getResult (26 bytes)
Event: 0.572 Thread 0x000001d75e0072b0 nmethod 1550 0x000001d743019f90 code [0x000001d74301a120, 0x000001d74301a238]
Event: 0.572 Thread 0x000001d75e0072b0 1551       3       sun.reflect.generics.tree.ClassSignature::<init> (20 bytes)
Event: 0.572 Thread 0x000001d75e0072b0 nmethod 1551 0x000001d74301a310 code [0x000001d74301a4c0, 0x000001d74301a758]
Event: 0.572 Thread 0x000001d75e0072b0 1552       3       org.hibernate.validator.internal.util.TypeHelper::extractConstraintValidatorTypeArgumentType (89 bytes)
Event: 0.572 Thread 0x000001d75e0072b0 nmethod 1552 0x000001d74301a810 code [0x000001d74301aae0, 0x000001d74301bbe8]
Event: 0.573 Thread 0x000001d75e0072b0 1553       3       java.util.stream.ReferencePipeline$3$1::accept (23 bytes)
Event: 0.573 Thread 0x000001d75e0072b0 nmethod 1553 0x000001d74301c110 code [0x000001d74301c2c0, 0x000001d74301c578]
Event: 0.573 Thread 0x000001d75e0072b0 1554       3       sun.reflect.generics.reflectiveObjects.ParameterizedTypeImpl::<init> (35 bytes)
Event: 0.573 Thread 0x000001d75e0072b0 nmethod 1554 0x000001d74301c690 code [0x000001d74301c860, 0x000001d74301cbb8]
Event: 0.575 Thread 0x000001d75e0072b0 1555       1       org.springframework.util.ConcurrentReferenceHashMap$SoftEntryReference::getHash (5 bytes)
Event: 0.575 Thread 0x000001d75e0072b0 nmethod 1555 0x000001d74a329310 code [0x000001d74a3294a0, 0x000001d74a329558]
Event: 0.576 Thread 0x000001d75e0072b0 1556       3       jdk.internal.org.objectweb.asm.ClassReader::<init> (371 bytes)
Event: 0.576 Thread 0x000001d75e0072b0 nmethod 1556 0x000001d74301cd10 code [0x000001d74301d000, 0x000001d74301e418]
Event: 0.576 Thread 0x000001d75e0072b0 1557   !   3       java.lang.invoke.MethodHandleNatives::linkMethodHandleConstant (50 bytes)
Event: 0.576 Thread 0x000001d75e0072b0 nmethod 1557 0x000001d74301e990 code [0x000001d74301eb60, 0x000001d74301ed48]
Event: 0.576 Thread 0x000001d75e0072b0 1558       3       java.lang.invoke.MethodHandles$Lookup::linkMethodHandleConstant (223 bytes)
Event: 0.577 Thread 0x000001d75e0072b0 nmethod 1558 0x000001d74301ef10 code [0x000001d74301f2c0, 0x000001d743020c08]
Event: 0.578 Thread 0x000001d75e0072b0 1559   !   3       java.lang.Class::getEnumConstantsShared (71 bytes)
Event: 0.579 Thread 0x000001d75e0072b0 nmethod 1559 0x000001d743021390 code [0x000001d7430216c0, 0x000001d743022ae8]

GC Heap History (3 events):
Event: 0.393 GC heap before
{Heap before GC invocations=0 (full 0):
 garbage-first heap   total 260096K, used 20480K [0x0000000703200000, 0x0000000800000000)
  region size 2048K, 10 young (20480K), 0 survivors (0K)
 Metaspace       used 5805K, capacity 7260K, committed 7552K, reserved 1056768K
  class space    used 652K, capacity 774K, committed 896K, reserved 1048576K
}
Event: 0.397 GC heap after
{Heap after GC invocations=1 (full 0):
 garbage-first heap   total 260096K, used 5551K [0x0000000703200000, 0x0000000800000000)
  region size 2048K, 2 young (4096K), 2 survivors (4096K)
 Metaspace       used 5805K, capacity 7260K, committed 7552K, reserved 1056768K
  class space    used 652K, capacity 774K, committed 896K, reserved 1048576K
}
Event: 0.580 GC heap before
{Heap before GC invocations=1 (full 0):
 garbage-first heap   total 260096K, used 26031K [0x0000000703200000, 0x0000000800000000)
  region size 2048K, 12 young (24576K), 2 survivors (4096K)
 Metaspace       used 11219K, capacity 11609K, committed 11776K, reserved 1058816K
  class space    used 1450K, capacity 1520K, committed 1536K, reserved 1048576K
}

Deoptimization events (20 events):
Event: 0.539 Thread 0x000001d73243d5a0 Uncommon trap: trap_request=0xffffff45 fr.pc=0x000001d74a2f1cf8 relative=0x00000000000004b8
Event: 0.539 Thread 0x000001d73243d5a0 Uncommon trap: reason=unstable_if action=reinterpret pc=0x000001d74a2f1cf8 method=java.util.HashMap.hash(Ljava/lang/Object;)I @ 1 c2
Event: 0.539 Thread 0x000001d73243d5a0 DEOPT PACKING pc=0x000001d74a2f1cf8 sp=0x000000a8c87feb00
Event: 0.539 Thread 0x000001d73243d5a0 DEOPT UNPACKING pc=0x000001d74281e42f sp=0x000000a8c87fea18 mode 2
Event: 0.549 Thread 0x000001d73243d5a0 Uncommon trap: trap_request=0xffffffde fr.pc=0x000001d74a2b7fc4 relative=0x00000000000001a4
Event: 0.549 Thread 0x000001d73243d5a0 Uncommon trap: reason=class_check action=maybe_recompile pc=0x000001d74a2b7fc4 method=java.lang.String.equals(Ljava/lang/Object;)Z @ 8 c2
Event: 0.549 Thread 0x000001d73243d5a0 DEOPT PACKING pc=0x000001d74a2b7fc4 sp=0x000000a8c87fedd0
Event: 0.549 Thread 0x000001d73243d5a0 DEOPT UNPACKING pc=0x000001d74281e42f sp=0x000000a8c87fed78 mode 2
Event: 0.552 Thread 0x000001d73243d5a0 Uncommon trap: trap_request=0xffffffde fr.pc=0x000001d74a2b7fc4 relative=0x00000000000001a4
Event: 0.552 Thread 0x000001d73243d5a0 Uncommon trap: reason=class_check action=maybe_recompile pc=0x000001d74a2b7fc4 method=java.lang.String.equals(Ljava/lang/Object;)Z @ 8 c2
Event: 0.552 Thread 0x000001d73243d5a0 DEOPT PACKING pc=0x000001d74a2b7fc4 sp=0x000000a8c87fece0
Event: 0.552 Thread 0x000001d73243d5a0 DEOPT UNPACKING pc=0x000001d74281e42f sp=0x000000a8c87fec88 mode 2
Event: 0.560 Thread 0x000001d75ecfa3f0 DEOPT PACKING pc=0x000001d742fc94a0 sp=0x000000a8ca0fddf0
Event: 0.560 Thread 0x000001d75ecfa3f0 DEOPT UNPACKING pc=0x000001d74281e23f sp=0x000000a8ca0fd308 mode 0
Event: 0.564 Thread 0x000001d75ecfa3f0 DEOPT PACKING pc=0x000001d742fc94a0 sp=0x000000a8ca0fde10
Event: 0.564 Thread 0x000001d75ecfa3f0 DEOPT UNPACKING pc=0x000001d74281e23f sp=0x000000a8ca0fd328 mode 0
Event: 0.569 Thread 0x000001d73243d5a0 DEOPT PACKING pc=0x000001d742fc94a0 sp=0x000000a8c87fe3c0
Event: 0.569 Thread 0x000001d73243d5a0 DEOPT UNPACKING pc=0x000001d74281e23f sp=0x000000a8c87fd8d8 mode 0
Event: 0.574 Thread 0x000001d75ecfa3f0 DEOPT PACKING pc=0x000001d742fc94a0 sp=0x000000a8ca0fdf60
Event: 0.574 Thread 0x000001d75ecfa3f0 DEOPT UNPACKING pc=0x000001d74281e23f sp=0x000000a8ca0fd478 mode 0

Classes unloaded (0 events):
No events

Classes redefined (0 events):
No events

Internal exceptions (20 events):
Event: 0.367 Thread 0x000001d73243d5a0 Implicit null exception at 0x000001d74a2d8e2f to 0x000001d74a2d8ea9
Event: 0.401 Thread 0x000001d73243d5a0 Exception <a 'java/lang/NoSuchMethodError'{0x0000000712e34b50}: 'java.lang.Object java.lang.invoke.DirectMethodHandle$Holder.newInvokeSpecial(java.lang.Object, java.lang.Object, int, java.lang.Object)'> (0x0000000712e34b50) 
thrown [./open/src/hotspot/share/interpreter/linkResolver.cpp, line 782]
Event: 0.401 Thread 0x000001d73243d5a0 Exception <a 'java/lang/NoSuchMethodError'{0x0000000712e39038}: 'java.lang.Object java.lang.invoke.DirectMethodHandle$Holder.invokeSpecial(java.lang.Object, java.lang.Object, java.lang.Object, int, java.lang.Object)'> (0x0000000712e39038) 
thrown [./open/src/hotspot/share/interpreter/linkResolver.cpp, line 782]
Event: 0.403 Thread 0x000001d73243d5a0 Exception <a 'java/lang/NoSuchMethodError'{0x0000000712e5d448}: 'java.lang.Object java.lang.invoke.DirectMethodHandle$Holder.newInvokeSpecial(java.lang.Object, java.lang.Object, java.lang.Object, java.lang.Object, java.lang.Object, java.lang.Object)'> (0x0000000712e5d448) 
thrown [./open/src/hotspot/share/interpreter/linkResolver.cpp, line 782]
Event: 0.404 Thread 0x000001d73243d5a0 Exception <a 'java/lang/NoSuchMethodError'{0x0000000712e62720}: 'int java.lang.invoke.DirectMethodHandle$Holder.invokeSpecial(java.lang.Object, java.lang.Object, java.lang.Object, java.lang.Object)'> (0x0000000712e62720) 
thrown [./open/src/hotspot/share/interpreter/linkResolver.cpp, line 782]
Event: 0.415 Thread 0x000001d73243d5a0 Exception <a 'java/lang/NoSuchMethodError'{0x0000000712fb39b0}: 'int java.lang.invoke.DirectMethodHandle$Holder.invokeSpecial(java.lang.Object, java.lang.Object, java.lang.Object)'> (0x0000000712fb39b0) 
thrown [./open/src/hotspot/share/interpreter/linkResolver.cpp, line 782]
Event: 0.419 Thread 0x000001d73243d5a0 Exception <a 'java/lang/NoSuchMethodError'{0x0000000712feed48}: 'java.lang.Object java.lang.invoke.DirectMethodHandle$Holder.invokeSpecial(java.lang.Object, java.lang.Object, java.lang.Object, java.lang.Object, java.lang.Object, java.lang.Object, int)'> (0x0000000712feed48) 
thrown [./open/src/hotspot/share/interpreter/linkResolver.cpp, line 782]
Event: 0.419 Thread 0x000001d73243d5a0 Exception <a 'java/lang/NoSuchMethodError'{0x0000000712ffa3b8}: 'java.lang.Object java.lang.invoke.DirectMethodHandle$Holder.newInvokeSpecial(java.lang.Object, java.lang.Object, java.lang.Object, java.lang.Object, java.lang.Object, java.lang.Object, int)'> (0x0000000712ffa3b8) 
thrown [./open/src/hotspot/share/interpreter/linkResolver.cpp, line 782]
Event: 0.420 Thread 0x000001d73243d5a0 Exception <a 'java/lang/NoSuchMethodError'{0x0000000712fff500}: 'java.lang.Object java.lang.invoke.DirectMethodHandle$Holder.invokeSpecial(java.lang.Object, java.lang.Object, java.lang.Object, java.lang.Object, java.lang.Object, java.lang.Object, java.lang.Object, int)'> (0x0000000712fff500) 
thrown [./open/src/hotspot/share/interpreter/linkResolver.cpp, line 782]
Event: 0.421 Thread 0x000001d73243d5a0 Exception <a 'java/lang/NoSuchMethodError'{0x0000000712c12278}: 'void java.lang.invoke.DirectMethodHandle$Holder.invokeStatic(java.lang.Object, java.lang.Object, java.lang.Object, java.lang.Object)'> (0x0000000712c12278) 
thrown [./open/src/hotspot/share/interpreter/linkResolver.cpp, line 782]
Event: 0.432 Thread 0x000001d73243d5a0 Exception <a 'java/lang/NoSuchMethodError'{0x0000000712cdce78}: 'void java.lang.invoke.DirectMethodHandle$Holder.invokeStaticInit(java.lang.Object, java.lang.Object)'> (0x0000000712cdce78) 
thrown [./open/src/hotspot/share/interpreter/linkResolver.cpp, line 782]
Event: 0.438 Thread 0x000001d73243d5a0 Exception <a 'java/lang/NoSuchMethodError'{0x0000000712d051d0}: 'java.lang.Object java.lang.invoke.DirectMethodHandle$Holder.invokeInterface(java.lang.Object, java.lang.Object)'> (0x0000000712d051d0) 
thrown [./open/src/hotspot/share/interpreter/linkResolver.cpp, line 782]
Event: 0.439 Thread 0x000001d73243d5a0 Exception <a 'java/lang/NoSuchMethodError'{0x0000000712d0db30}: 'java.lang.Object java.lang.invoke.DirectMethodHandle$Holder.invokeStaticInit(java.lang.Object, java.lang.Object, java.lang.Object)'> (0x0000000712d0db30) 
thrown [./open/src/hotspot/share/interpreter/linkResolver.cpp, line 782]
Event: 0.439 Thread 0x000001d73243d5a0 Exception <a 'java/lang/NoSuchMethodError'{0x0000000712d178e0}: 'void java.lang.invoke.DirectMethodHandle$Holder.invokeStatic(java.lang.Object, java.lang.Object, java.lang.Object, java.lang.Object, java.lang.Object, java.lang.Object)'> (0x0000000712d178e0) 
thrown [./open/src/hotspot/share/interpreter/linkResolver.cpp, line 782]
Event: 0.473 Thread 0x000001d73243d5a0 Exception <a 'java/lang/NoSuchMethodError'{0x0000000712adc618}: 'void java.lang.invoke.DirectMethodHandle$Holder.invokeSpecial(java.lang.Object, java.lang.Object, java.lang.Object, java.lang.Object, java.lang.Object)'> (0x0000000712adc618) 
thrown [./open/src/hotspot/share/interpreter/linkResolver.cpp, line 782]
Event: 0.525 Thread 0x000001d73243d5a0 Exception <a 'java/lang/NoClassDefFoundError'{0x000000071227eef0}: org/springframework/jdbc/CannotGetJdbcConnectionException> (0x000000071227eef0) 
thrown [./open/src/hotspot/share/classfile/systemDictionary.cpp, line 284]
Event: 0.537 Thread 0x000001d73243d5a0 Exception <a 'java/lang/NoSuchMethodError'{0x00000007123c5e18}: 'org.slf4j.impl.StaticMDCBinder org.slf4j.impl.StaticMDCBinder.getSingleton()'> (0x00000007123c5e18) 
thrown [./open/src/hotspot/share/interpreter/linkResolver.cpp, line 782]
Event: 0.538 Thread 0x000001d73243d5a0 Implicit null exception at 0x000001d74a2dee8f to 0x000001d74a2df300
Event: 0.539 Thread 0x000001d73243d5a0 Implicit null exception at 0x000001d74a2f188f to 0x000001d74a2f1cd8
Event: 0.559 Thread 0x000001d73243d5a0 Exception <a 'java/lang/NoSuchMethodError'{0x0000000711ec3928}: 'int java.lang.invoke.DirectMethodHandle$Holder.invokeInterface(java.lang.Object, java.lang.Object)'> (0x0000000711ec3928) 
thrown [./open/src/hotspot/share/interpreter/linkResolver.cpp, line 782]

Events (20 events):
Event: 0.551 loading class java/time/chrono/ChronoLocalDateImpl
Event: 0.551 loading class java/time/chrono/ChronoLocalDateImpl done
Event: 0.551 loading class java/time/chrono/HijrahDate done
Event: 0.552 loading class java/time/chrono/JapaneseDate
Event: 0.552 loading class java/time/chrono/JapaneseDate done
Event: 0.552 loading class java/time/chrono/MinguoDate
Event: 0.552 loading class java/time/chrono/MinguoDate done
Event: 0.552 loading class java/time/chrono/ThaiBuddhistDate
Event: 0.552 loading class java/time/chrono/ThaiBuddhistDate done
Event: 0.562 loading class java/beans/Introspector
Event: 0.562 loading class java/beans/Introspector done
Event: 0.562 loading class java/beans/EventSetDescriptor
Event: 0.562 loading class java/beans/FeatureDescriptor
Event: 0.562 loading class java/beans/FeatureDescriptor done
Event: 0.562 loading class java/beans/EventSetDescriptor done
Event: 0.562 loading class java/beans/Introspector$1
Event: 0.562 loading class jdk/internal/access/JavaBeansAccess
Event: 0.562 loading class jdk/internal/access/JavaBeansAccess done
Event: 0.562 loading class java/beans/Introspector$1 done
Event: 0.580 Executing VM operation: G1CollectForAllocation


Dynamic libraries:
0x00007ff7830c0000 - 0x00007ff7830cf000 	D:\Java\jdk-15\bin\java.exe
0x00007fff7c6f0000 - 0x00007fff7c8e5000 	C:\WINDOWS\SYSTEM32\ntdll.dll
0x00007fff7c010000 - 0x00007fff7c0cd000 	C:\WINDOWS\System32\KERNEL32.DLL
0x00007fff79fc0000 - 0x00007fff7a287000 	C:\WINDOWS\System32\KERNELBASE.dll
0x00007fff7a3e0000 - 0x00007fff7a4e0000 	C:\WINDOWS\System32\ucrtbase.dll
0x00007fff71c90000 - 0x00007fff71ca8000 	D:\Java\jdk-15\bin\jli.dll
0x00007fff71c70000 - 0x00007fff71c89000 	D:\Java\jdk-15\bin\VCRUNTIME140.dll
0x00007fff7b070000 - 0x00007fff7b11a000 	C:\WINDOWS\System32\ADVAPI32.dll
0x00007fff7a960000 - 0x00007fff7a9fe000 	C:\WINDOWS\System32\msvcrt.dll
0x00007fff7ab10000 - 0x00007fff7abab000 	C:\WINDOWS\System32\sechost.dll
0x00007fff7bd40000 - 0x00007fff7be64000 	C:\WINDOWS\System32\RPCRT4.dll
0x00007fff7be70000 - 0x00007fff7c010000 	C:\WINDOWS\System32\USER32.dll
0x00007fff7a4e0000 - 0x00007fff7a502000 	C:\WINDOWS\System32\win32u.dll
0x00007fff7af10000 - 0x00007fff7af3a000 	C:\WINDOWS\System32\GDI32.dll
0x00007fff79eb0000 - 0x00007fff79fb9000 	C:\WINDOWS\System32\gdi32full.dll
0x00007fff67b60000 - 0x00007fff67dfb000 	C:\WINDOWS\WinSxS\amd64_microsoft.windows.common-controls_6595b64144ccf1df_6.0.19041.488_none_ca04af081b815d21\COMCTL32.dll
0x00007fff7a290000 - 0x00007fff7a32d000 	C:\WINDOWS\System32\msvcp_win.dll
0x00007fff72120000 - 0x00007fff7212a000 	C:\WINDOWS\SYSTEM32\VERSION.dll
0x00007fff7c680000 - 0x00007fff7c6b0000 	C:\WINDOWS\System32\IMM32.DLL
0x00007fff73f70000 - 0x00007fff73f7c000 	D:\Java\jdk-15\bin\vcruntime140_1.dll
0x00007fff6c7c0000 - 0x00007fff6c851000 	D:\Java\jdk-15\bin\msvcp140.dll
0x00007fff245b0000 - 0x00007fff2510c000 	D:\Java\jdk-15\bin\server\jvm.dll
0x00007fff7af00000 - 0x00007fff7af08000 	C:\WINDOWS\System32\PSAPI.DLL
0x00007fff75de0000 - 0x00007fff75de9000 	C:\WINDOWS\SYSTEM32\WSOCK32.dll
0x00007fff71a40000 - 0x00007fff71a67000 	C:\WINDOWS\SYSTEM32\WINMM.dll
0x00007fff7b120000 - 0x00007fff7b18b000 	C:\WINDOWS\System32\WS2_32.dll
0x00007fff77cd0000 - 0x00007fff77ce3000 	C:\WINDOWS\SYSTEM32\kernel.appcore.dll
0x00007fff71fe0000 - 0x00007fff71fea000 	D:\Java\jdk-15\bin\jimage.dll
0x00007fff71a70000 - 0x00007fff71c54000 	C:\WINDOWS\SYSTEM32\DBGHELP.DLL
0x00007fff71a10000 - 0x00007fff71a3c000 	C:\WINDOWS\SYSTEM32\dbgcore.DLL
0x00007fff79e30000 - 0x00007fff79eaf000 	C:\WINDOWS\System32\bcryptPrimitives.dll
0x00007fff73d00000 - 0x00007fff73d0e000 	D:\Java\jdk-15\bin\instrument.dll
0x00007fff6d8e0000 - 0x00007fff6d905000 	D:\Java\jdk-15\bin\java.dll
0x00007fff7b190000 - 0x00007fff7b8d1000 	C:\WINDOWS\System32\SHELL32.dll
0x00007fff77fb0000 - 0x00007fff78743000 	C:\WINDOWS\SYSTEM32\windows.storage.dll
0x00007fff7b8f0000 - 0x00007fff7bc45000 	C:\WINDOWS\System32\combase.dll
0x00007fff798a0000 - 0x00007fff798cc000 	C:\WINDOWS\SYSTEM32\Wldp.dll
0x00007fff7aa60000 - 0x00007fff7ab0e000 	C:\WINDOWS\System32\SHCORE.dll
0x00007fff7bc50000 - 0x00007fff7bca5000 	C:\WINDOWS\System32\shlwapi.dll
0x00007fff79d60000 - 0x00007fff79d86000 	C:\WINDOWS\SYSTEM32\profapi.dll
0x00007fff6cff0000 - 0x00007fff6d008000 	D:\Java\jdk-15\bin\zip.dll
0x00007fff6d0c0000 - 0x00007fff6d0d9000 	D:\java\jdk-15\bin\net.dll
0x00007fff73230000 - 0x00007fff73330000 	C:\WINDOWS\SYSTEM32\WINHTTP.dll
0x00007fff79620000 - 0x00007fff7968a000 	C:\WINDOWS\system32\mswsock.dll
0x00007fff6d070000 - 0x00007fff6d082000 	D:\java\jdk-15\bin\nio.dll
0x00007fff6cea0000 - 0x00007fff6ceba000 	H:\IntelliJ IDEA Educational Edition 2020.2.1\bin\breakgen64.dll
0x00007fff6d0b0000 - 0x00007fff6d0c0000 	D:\Java\jdk-15\bin\verify.dll
0x00007fff6d060000 - 0x00007fff6d069000 	D:\java\jdk-15\bin\management.dll
0x00007fff6d030000 - 0x00007fff6d03b000 	D:\java\jdk-15\bin\management_ext.dll
0x00007fff6ce00000 - 0x00007fff6ce17000 	C:\WINDOWS\system32\napinsp.dll
0x00007fff6cde0000 - 0x00007fff6cdfb000 	C:\WINDOWS\system32\pnrpnsp.dll
0x00007fff5f5e0000 - 0x00007fff5f5f5000 	C:\WINDOWS\system32\wshbth.dll
0x00007fff73ee0000 - 0x00007fff73efd000 	C:\WINDOWS\system32\NLAapi.dll
0x00007fff792c0000 - 0x00007fff792fb000 	C:\WINDOWS\SYSTEM32\IPHLPAPI.DLL
0x00007fff79300000 - 0x00007fff793cb000 	C:\WINDOWS\SYSTEM32\DNSAPI.dll
0x00007fff7a880000 - 0x00007fff7a889000 	C:\WINDOWS\System32\NSI.dll
0x00007fff6cbd0000 - 0x00007fff6cbe2000 	C:\WINDOWS\System32\winrnr.dll
0x00007fff730e0000 - 0x00007fff730ea000 	C:\Windows\System32\rasadhlp.dll
0x00007fff73020000 - 0x00007fff7309f000 	C:\WINDOWS\System32\fwpuclnt.dll
0x00007fff7a5c0000 - 0x00007fff7a5e7000 	C:\WINDOWS\System32\bcrypt.dll

dbghelp: loaded successfully - version: 4.0.5 - missing functions: none
symbol engine: initialized successfully - sym options: 0x614 - pdb path: .;D:\Java\jdk-15\bin;C:\WINDOWS\SYSTEM32;C:\WINDOWS\WinSxS\amd64_microsoft.windows.common-controls_6595b64144ccf1df_6.0.19041.488_none_ca04af081b815d21;D:\Java\jdk-15\bin\server;H:\IntelliJ IDEA Educational Edition 2020.2.1\bin

VM Arguments:
jvm_args: -javaagent:H:\IntelliJ IDEA Educational Edition 2020.2.1\lib\idea_rt.jar=63901:H:\IntelliJ IDEA Educational Edition 2020.2.1\bin -Dfile.encoding=UTF-8 
java_command: mao.com.servertest.ServerTestApplication
java_class_path (initial): G:\SpringPrj\server-test\target\classes;C:\Users\mao\.m2\repository\org\springframework\boot\spring-boot-starter-web\2.2.10.RELEASE\spring-boot-starter-web-2.2.10.RELEASE.jar;C:\Users\mao\.m2\repository\org\springframework\boot\spring-boot-starter\2.2.10.RELEASE\spring-boot-starter-2.2.10.RELEASE.jar;C:\Users\mao\.m2\repository\org\springframework\boot\spring-boot\2.2.10.RELEASE\spring-boot-2.2.10.RELEASE.jar;C:\Users\mao\.m2\repository\org\springframework\boot\spring-boot-autoconfigure\2.2.10.RELEASE\spring-boot-autoconfigure-2.2.10.RELEASE.jar;C:\Users\mao\.m2\repository\org\springframework\boot\spring-boot-starter-logging\2.2.10.RELEASE\spring-boot-starter-logging-2.2.10.RELEASE.jar;C:\Users\mao\.m2\repository\ch\qos\logback\logback-classic\1.2.3\logback-classic-1.2.3.jar;C:\Users\mao\.m2\repository\ch\qos\logback\logback-core\1.2.3\logback-core-1.2.3.jar;C:\Users\mao\.m2\repository\org\apache\logging\log4j\log4j-to-slf4j\2.12.1\log4j-to-slf4j-2.12.1.jar;C:\Users\mao\.m2\repository\org\apache\logging\log4j\log4j-api\2.12.1\log4j-api-2.12.1.jar;C:\Users\mao\.m2\repository\org\slf4j\jul-to-slf4j\1.7.30\jul-to-slf4j-1.7.30.jar;C:\Users\mao\.m2\repository\jakarta\annotation\jakarta.annotation-api\1.3.5\jakarta.annotation-api-1.3.5.jar;C:\Users\mao\.m2\repository\org\yaml\snakeyaml\1.25\snakeyaml-1.25.jar;C:\Users\mao\.m2\repository\org\springframework\boot\spring-boot-starter-json\2.2.10.RELEASE\spring-boot-starter-json-2.2.10.RELEASE.jar;C:\Users\mao\.m2\repository\com\fasterxml\jackson\core\jackson-databind\2.10.5\jackson-databind-2.10.5.jar;C:\Users\mao\.m2\repository\com\fasterxml\jackson\core\jackson-annotations\2.10.5\jackson-annotations-2.10.5.jar;C:\Users\mao\.m2\repository\com\fasterxml\jackson\core\jackson-core\2.10.5\jackson-core-2.10.5.jar;C:\Users\mao\.m2\repository\com\fasterxml\jackson\datatype\jackson-datatype-jdk8\2.10.5\jackson-datatype-jdk8-2.10.5.jar;C:\Users\mao\.m2\repository\com\fasterxml\jackson\datatype\jackson-da
Launcher Type: SUN_STANDARD

[Global flags]
     intx CICompilerCount                          = 3                                         {product} {ergonomic}
     uint ConcGCThreads                            = 2                                         {product} {ergonomic}
     uint G1ConcRefinementThreads                  = 6                                         {product} {ergonomic}
   size_t G1HeapRegionSize                         = 2097152                                   {product} {ergonomic}
    uintx GCDrainStackTargetSize                   = 64                                        {product} {ergonomic}
   size_t InitialHeapSize                          = 266338304                                 {product} {ergonomic}
   size_t MarkStackSize                            = 4194304                                   {product} {ergonomic}
   size_t MaxHeapSize                              = 4242538496                                {product} {ergonomic}
   size_t MaxNewSize                               = 2543845376                                {product} {ergonomic}
   size_t MinHeapDeltaBytes                        = 2097152                                   {product} {ergonomic}
   size_t MinHeapSize                              = 8388608                                   {product} {ergonomic}
    uintx NonNMethodCodeHeapSize                   = 5832780                                {pd product} {ergonomic}
    uintx NonProfiledCodeHeapSize                  = 122912730                              {pd product} {ergonomic}
    uintx ProfiledCodeHeapSize                     = 122912730                              {pd product} {ergonomic}
    uintx ReservedCodeCacheSize                    = 251658240                              {pd product} {ergonomic}
     bool SegmentedCodeCache                       = true                                      {product} {ergonomic}
   size_t SoftMaxHeapSize                          = 4242538496                             {manageable} {ergonomic}
     bool UseCompressedClassPointers               = true                                 {lp64_product} {ergonomic}
     bool UseCompressedOops                        = true                                 {lp64_product} {ergonomic}
     bool UseG1GC                                  = true                                      {product} {ergonomic}
     bool UseLargePagesIndividualAllocation        = false                                  {pd product} {ergonomic}

Logging:
Log output configuration:
 #0: stdout all=warning uptime,level,tags
 #1: stderr all=off uptime,level,tags

Environment Variables:
JAVA_HOME=D:\java\jdk-15
PATH=C:\WINDOWS\system32;C:\WINDOWS;C:\WINDOWS\System32\Wbem;C:\WINDOWS\System32\WindowsPowerShell\v1.0\;D:\PCL 1.9.1\bin;D:\PCL 1.9.1\3rdParty\Boost\lib;D:\PCL 1.9.1\3rdParty\FLANN\bin;D:\PCL 1.9.1\3rdParty\Qhull\bin;D:\openNI\Lib;D:\openNI\Redist;D:\openNI\Tools;D:\PCL 1.9.1\3rdParty\VTK\bin;D:\opencv\opencv\build\x64\vc15\bin;G:\liblas\bin;G:\liblas\tiff-4.0.10\libtiff;G:\liblas\libgeotiff\libgeotiff-1.2.5\bin;G:\liblas\gdal\bin;C:\Program Files\Microsoft SQL Server\130\Tools\Binn\;C:\Program Files\dotnet\;C:\WINDOWS\System32\OpenSSH\;D:\opencv\opencv\new_build\install\x64\vc15\bin;H:\Git\cmd;G:\SpringPrj\apache-maven-3.6.3\bin;D:\java\jdk-15\bin;D:\PCL 1.9.1\bin;C:\Users\mao\AppData\Local\Microsoft\WindowsApps;;H:\IntelliJ IDEA Educational Edition 2020.2.1\bin;
USERNAME=mao
OS=Windows_NT
PROCESSOR_IDENTIFIER=Intel64 Family 6 Model 158 Stepping 10, GenuineIntel



---------------  S Y S T E M  ---------------

OS:
 Windows 10 , 64 bit Build 19041 (10.0.19041.292)
OS uptime: 0 days 21:44 hours

CPU: total 6 (initial active 6) (6 cores per cpu, 2 threads per core) family 6 model 158 stepping 10, cmov, cx8, fxsr, mmx, sse, sse2, sse3, ssse3, sse4.1, sse4.2, popcnt, vzeroupper, avx, avx2, aes, clmul, erms, rtm, 3dnowpref, lzcnt, ht, tsc, tscinvbit, bmi1, bmi2, adx, fma, clflush, clflushopt

Memory: 4k page, system-wide physical 16180M (8197M free)
TotalPageFile size 18612M (AvailPageFile size 6548M)
current process WorkingSet (physical memory assigned to process): 102M, peak: 104M
current process commit charge ("private bytes"): 371M, peak: 372M

vm_info: Java HotSpot(TM) 64-Bit Server VM (15+36-1562) for windows-amd64 JRE (15+36-1562), built on Aug 11 2020 22:38:02 by "mach5one" with unknown MS VC++:1925

END.
